[04-Jan-2024 02:20:12] NOTICE: fpm is running, pid 73736
[04-Jan-2024 02:20:12] NOTICE: ready to handle connections
[12-Jan-2024 12:20:42] NOTICE: fpm is running, pid 4750
[12-Jan-2024 12:20:42] NOTICE: ready to handle connections
[12-Feb-2024 13:00:55] NOTICE: fpm is running, pid 11609
[12-Feb-2024 13:00:55] NOTICE: ready to handle connections
[12-Feb-2024 13:00:56] NOTICE: Terminating ...
[12-Feb-2024 13:00:56] NOTICE: Terminating ...
[12-Feb-2024 13:00:56] NOTICE: exiting, bye-bye!
[12-Feb-2024 13:00:58] NOTICE: fpm is running, pid 11682
[12-Feb-2024 13:00:58] NOTICE: ready to handle connections
[19-Feb-2024 11:13:12] NOTICE: Terminating ...
[19-Feb-2024 11:13:12] NOTICE: Terminating ...
[19-Feb-2024 11:13:12] NOTICE: exiting, bye-bye!
[23-Mar-2024 16:01:40] NOTICE: fpm is running, pid 4116
[23-Mar-2024 16:01:40] NOTICE: ready to handle connections
[01-Apr-2024 09:57:13] NOTICE: Terminating ...
[01-Apr-2024 09:57:14] NOTICE: Terminating ...
[01-Apr-2024 09:57:14] NOTICE: exiting, bye-bye!
[18-Sep-2024 23:15:40] NOTICE: fpm is running, pid 9189
[18-Sep-2024 23:15:40] NOTICE: ready to handle connections
[19-Sep-2024 11:12:38] NOTICE: Terminating ...
[19-Sep-2024 11:12:38] NOTICE: Terminating ...
[19-Sep-2024 11:12:38] NOTICE: exiting, bye-bye!
[01-Nov-2024 16:23:14] NOTICE: fpm is running, pid 56371
[01-Nov-2024 16:23:14] NOTICE: ready to handle connections
[02-Nov-2024 12:25:59] NOTICE: Terminating ...
[02-Nov-2024 12:25:59] NOTICE: exiting, bye-bye!
[15-Nov-2024 21:32:44] NOTICE: fpm is running, pid 22925
[15-Nov-2024 21:32:44] NOTICE: ready to handle connections
[16-Nov-2024 12:16:30] NOTICE: Terminating ...
[16-Nov-2024 12:16:30] NOTICE: Terminating ...
[16-Nov-2024 12:16:30] NOTICE: exiting, bye-bye!
